/home/dmitriy/.local/lib/python3.14/site-packages/websockets/legacy/__init__.py:6: DeprecationWarning: websockets.legacy is deprecated; see https://websockets.readthedocs.io/en/stable/howto/upgrade.html for upgrade instructions
  warnings.warn(  # deprecated in 14.0 - 2024-11-09
/usr/lib/python3.14/site-packages/uvicorn/protocols/websockets/websockets_impl.py:17: DeprecationWarning: websockets.server.WebSocketServerProtocol is deprecated
  from websockets.server import WebSocketServerProtocol
/home/dmitriy/.local/lib/python3.14/site-packages/websockets/legacy/server.py:1178: DeprecationWarning: remove second argument of ws_handler
  warnings.warn("remove second argument of ws_handler", DeprecationWarning)
/home/dmitriy/.local/lib/python3.14/site-packages/flet/fastapi/flet_app.py:144: DeprecationWarning: 'asyncio.iscoroutinefunction' is deprecated and slated for removal in Python 3.16; use inspect.iscoroutinefunction() instead
  if asyncio.iscoroutinefunction(self.__session_handler):
/home/dmitriy/.local/lib/python3.14/site-packages/flet_core/page.py:471: DeprecationWarning: 'asyncio.iscoroutinefunction' is deprecated and slated for removal in Python 3.16; use inspect.iscoroutinefunction() instead
  if asyncio.iscoroutinefunction(handler):
/home/dmitriy/.local/lib/python3.14/site-packages/websockets/legacy/__init__.py:6: DeprecationWarning: websockets.legacy is deprecated; see https://websockets.readthedocs.io/en/stable/howto/upgrade.html for upgrade instructions
  warnings.warn(  # deprecated in 14.0 - 2024-11-09
/usr/lib/python3.14/site-packages/uvicorn/protocols/websockets/websockets_impl.py:17: DeprecationWarning: websockets.server.WebSocketServerProtocol is deprecated
  from websockets.server import WebSocketServerProtocol
/home/dmitriy/.local/lib/python3.14/site-packages/websockets/legacy/server.py:1178: DeprecationWarning: remove second argument of ws_handler
  warnings.warn("remove second argument of ws_handler", DeprecationWarning)
/home/dmitriy/.local/lib/python3.14/site-packages/flet/fastapi/flet_app.py:144: DeprecationWarning: 'asyncio.iscoroutinefunction' is deprecated and slated for removal in Python 3.16; use inspect.iscoroutinefunction() instead
  if asyncio.iscoroutinefunction(self.__session_handler):
/home/dmitriy/.local/lib/python3.14/site-packages/flet_core/page.py:471: DeprecationWarning: 'asyncio.iscoroutinefunction' is deprecated and slated for removal in Python 3.16; use inspect.iscoroutinefunction() instead
  if asyncio.iscoroutinefunction(handler):
/home/dmitriy/.local/lib/python3.14/site-packages/websockets/legacy/__init__.py:6: DeprecationWarning: websockets.legacy is deprecated; see https://websockets.readthedocs.io/en/stable/howto/upgrade.html for upgrade instructions
  warnings.warn(  # deprecated in 14.0 - 2024-11-09
/usr/lib/python3.14/site-packages/uvicorn/protocols/websockets/websockets_impl.py:17: DeprecationWarning: websockets.server.WebSocketServerProtocol is deprecated
  from websockets.server import WebSocketServerProtocol
/home/dmitriy/.local/lib/python3.14/site-packages/websockets/legacy/server.py:1178: DeprecationWarning: remove second argument of ws_handler
  warnings.warn("remove second argument of ws_handler", DeprecationWarning)
/home/dmitriy/.local/lib/python3.14/site-packages/flet/fastapi/flet_app.py:144: DeprecationWarning: 'asyncio.iscoroutinefunction' is deprecated and slated for removal in Python 3.16; use inspect.iscoroutinefunction() instead
  if asyncio.iscoroutinefunction(self.__session_handler):
/home/dmitriy/.local/lib/python3.14/site-packages/flet_core/page.py:471: DeprecationWarning: 'asyncio.iscoroutinefunction' is deprecated and slated for removal in Python 3.16; use inspect.iscoroutinefunction() instead
  if asyncio.iscoroutinefunction(handler):
/home/dmitriy/.local/lib/python3.14/site-packages/websockets/legacy/__init__.py:6: DeprecationWarning: websockets.legacy is deprecated; see https://websockets.readthedocs.io/en/stable/howto/upgrade.html for upgrade instructions
  warnings.warn(  # deprecated in 14.0 - 2024-11-09
/usr/lib/python3.14/site-packages/uvicorn/protocols/websockets/websockets_impl.py:17: DeprecationWarning: websockets.server.WebSocketServerProtocol is deprecated
  from websockets.server import WebSocketServerProtocol
/home/dmitriy/.local/lib/python3.14/site-packages/websockets/legacy/server.py:1178: DeprecationWarning: remove second argument of ws_handler
  warnings.warn("remove second argument of ws_handler", DeprecationWarning)
/home/dmitriy/.local/lib/python3.14/site-packages/flet/fastapi/flet_app.py:144: DeprecationWarning: 'asyncio.iscoroutinefunction' is deprecated and slated for removal in Python 3.16; use inspect.iscoroutinefunction() instead
  if asyncio.iscoroutinefunction(self.__session_handler):
/home/dmitriy/.local/lib/python3.14/site-packages/flet_core/page.py:471: DeprecationWarning: 'asyncio.iscoroutinefunction' is deprecated and slated for removal in Python 3.16; use inspect.iscoroutinefunction() instead
  if asyncio.iscoroutinefunction(handler):
/home/dmitriy/.local/lib/python3.14/site-packages/websockets/legacy/__init__.py:6: DeprecationWarning: websockets.legacy is deprecated; see https://websockets.readthedocs.io/en/stable/howto/upgrade.html for upgrade instructions
  warnings.warn(  # deprecated in 14.0 - 2024-11-09
/usr/lib/python3.14/site-packages/uvicorn/protocols/websockets/websockets_impl.py:17: DeprecationWarning: websockets.server.WebSocketServerProtocol is deprecated
  from websockets.server import WebSocketServerProtocol
/home/dmitriy/.local/lib/python3.14/site-packages/websockets/legacy/server.py:1178: DeprecationWarning: remove second argument of ws_handler
  warnings.warn("remove second argument of ws_handler", DeprecationWarning)
/home/dmitriy/.local/lib/python3.14/site-packages/flet/fastapi/flet_app.py:144: DeprecationWarning: 'asyncio.iscoroutinefunction' is deprecated and slated for removal in Python 3.16; use inspect.iscoroutinefunction() instead
  if asyncio.iscoroutinefunction(self.__session_handler):
/home/dmitriy/.local/lib/python3.14/site-packages/flet_core/page.py:471: DeprecationWarning: 'asyncio.iscoroutinefunction' is deprecated and slated for removal in Python 3.16; use inspect.iscoroutinefunction() instead
  if asyncio.iscoroutinefunction(handler):
/home/dmitriy/.local/lib/python3.14/site-packages/websockets/legacy/__init__.py:6: DeprecationWarning: websockets.legacy is deprecated; see https://websockets.readthedocs.io/en/stable/howto/upgrade.html for upgrade instructions
  warnings.warn(  # deprecated in 14.0 - 2024-11-09
/usr/lib/python3.14/site-packages/uvicorn/protocols/websockets/websockets_impl.py:17: DeprecationWarning: websockets.server.WebSocketServerProtocol is deprecated
  from websockets.server import WebSocketServerProtocol
/home/dmitriy/.local/lib/python3.14/site-packages/websockets/legacy/server.py:1178: DeprecationWarning: remove second argument of ws_handler
  warnings.warn("remove second argument of ws_handler", DeprecationWarning)
/home/dmitriy/.local/lib/python3.14/site-packages/flet/fastapi/flet_app.py:144: DeprecationWarning: 'asyncio.iscoroutinefunction' is deprecated and slated for removal in Python 3.16; use inspect.iscoroutinefunction() instead
  if asyncio.iscoroutinefunction(self.__session_handler):
/home/dmitriy/.local/lib/python3.14/site-packages/flet_core/page.py:471: DeprecationWarning: 'asyncio.iscoroutinefunction' is deprecated and slated for removal in Python 3.16; use inspect.iscoroutinefunction() instead
  if asyncio.iscoroutinefunction(handler):
/home/dmitriy/.local/lib/python3.14/site-packages/websockets/legacy/__init__.py:6: DeprecationWarning: websockets.legacy is deprecated; see https://websockets.readthedocs.io/en/stable/howto/upgrade.html for upgrade instructions
  warnings.warn(  # deprecated in 14.0 - 2024-11-09
/usr/lib/python3.14/site-packages/uvicorn/protocols/websockets/websockets_impl.py:17: DeprecationWarning: websockets.server.WebSocketServerProtocol is deprecated
  from websockets.server import WebSocketServerProtocol
/home/dmitriy/.local/lib/python3.14/site-packages/websockets/legacy/server.py:1178: DeprecationWarning: remove second argument of ws_handler
  warnings.warn("remove second argument of ws_handler", DeprecationWarning)
/home/dmitriy/.local/lib/python3.14/site-packages/flet/fastapi/flet_app.py:144: DeprecationWarning: 'asyncio.iscoroutinefunction' is deprecated and slated for removal in Python 3.16; use inspect.iscoroutinefunction() instead
  if asyncio.iscoroutinefunction(self.__session_handler):
/home/dmitriy/.local/lib/python3.14/site-packages/flet_core/page.py:471: DeprecationWarning: 'asyncio.iscoroutinefunction' is deprecated and slated for removal in Python 3.16; use inspect.iscoroutinefunction() instead
  if asyncio.iscoroutinefunction(handler):
/home/dmitriy/.local/lib/python3.14/site-packages/websockets/legacy/__init__.py:6: DeprecationWarning: websockets.legacy is deprecated; see https://websockets.readthedocs.io/en/stable/howto/upgrade.html for upgrade instructions
  warnings.warn(  # deprecated in 14.0 - 2024-11-09
/usr/lib/python3.14/site-packages/uvicorn/protocols/websockets/websockets_impl.py:17: DeprecationWarning: websockets.server.WebSocketServerProtocol is deprecated
  from websockets.server import WebSocketServerProtocol
/home/dmitriy/.local/lib/python3.14/site-packages/websockets/legacy/server.py:1178: DeprecationWarning: remove second argument of ws_handler
  warnings.warn("remove second argument of ws_handler", DeprecationWarning)
/home/dmitriy/.local/lib/python3.14/site-packages/flet/fastapi/flet_app.py:144: DeprecationWarning: 'asyncio.iscoroutinefunction' is deprecated and slated for removal in Python 3.16; use inspect.iscoroutinefunction() instead
  if asyncio.iscoroutinefunction(self.__session_handler):
/home/dmitriy/.local/lib/python3.14/site-packages/flet_core/page.py:471: DeprecationWarning: 'asyncio.iscoroutinefunction' is deprecated and slated for removal in Python 3.16; use inspect.iscoroutinefunction() instead
  if asyncio.iscoroutinefunction(handler):
/home/dmitriy/.local/lib/python3.14/site-packages/websockets/legacy/__init__.py:6: DeprecationWarning: websockets.legacy is deprecated; see https://websockets.readthedocs.io/en/stable/howto/upgrade.html for upgrade instructions
  warnings.warn(  # deprecated in 14.0 - 2024-11-09
/usr/lib/python3.14/site-packages/uvicorn/protocols/websockets/websockets_impl.py:17: DeprecationWarning: websockets.server.WebSocketServerProtocol is deprecated
  from websockets.server import WebSocketServerProtocol
/home/dmitriy/.local/lib/python3.14/site-packages/websockets/legacy/server.py:1178: DeprecationWarning: remove second argument of ws_handler
  warnings.warn("remove second argument of ws_handler", DeprecationWarning)
/home/dmitriy/.local/lib/python3.14/site-packages/flet/fastapi/flet_app.py:144: DeprecationWarning: 'asyncio.iscoroutinefunction' is deprecated and slated for removal in Python 3.16; use inspect.iscoroutinefunction() instead
  if asyncio.iscoroutinefunction(self.__session_handler):
/home/dmitriy/.local/lib/python3.14/site-packages/flet_core/page.py:471: DeprecationWarning: 'asyncio.iscoroutinefunction' is deprecated and slated for removal in Python 3.16; use inspect.iscoroutinefunction() instead
  if asyncio.iscoroutinefunction(handler):
/home/dmitriy/.local/lib/python3.14/site-packages/websockets/legacy/__init__.py:6: DeprecationWarning: websockets.legacy is deprecated; see https://websockets.readthedocs.io/en/stable/howto/upgrade.html for upgrade instructions
  warnings.warn(  # deprecated in 14.0 - 2024-11-09
/usr/lib/python3.14/site-packages/uvicorn/protocols/websockets/websockets_impl.py:17: DeprecationWarning: websockets.server.WebSocketServerProtocol is deprecated
  from websockets.server import WebSocketServerProtocol
/home/dmitriy/.local/lib/python3.14/site-packages/websockets/legacy/server.py:1178: DeprecationWarning: remove second argument of ws_handler
  warnings.warn("remove second argument of ws_handler", DeprecationWarning)
/home/dmitriy/.local/lib/python3.14/site-packages/flet/fastapi/flet_app.py:144: DeprecationWarning: 'asyncio.iscoroutinefunction' is deprecated and slated for removal in Python 3.16; use inspect.iscoroutinefunction() instead
  if asyncio.iscoroutinefunction(self.__session_handler):
/home/dmitriy/.local/lib/python3.14/site-packages/flet_core/page.py:471: DeprecationWarning: 'asyncio.iscoroutinefunction' is deprecated and slated for removal in Python 3.16; use inspect.iscoroutinefunction() instead
  if asyncio.iscoroutinefunction(handler):
/home/dmitriy/.local/lib/python3.14/site-packages/websockets/legacy/__init__.py:6: DeprecationWarning: websockets.legacy is deprecated; see https://websockets.readthedocs.io/en/stable/howto/upgrade.html for upgrade instructions
  warnings.warn(  # deprecated in 14.0 - 2024-11-09
/usr/lib/python3.14/site-packages/uvicorn/protocols/websockets/websockets_impl.py:17: DeprecationWarning: websockets.server.WebSocketServerProtocol is deprecated
  from websockets.server import WebSocketServerProtocol
/home/dmitriy/.local/lib/python3.14/site-packages/websockets/legacy/server.py:1178: DeprecationWarning: remove second argument of ws_handler
  warnings.warn("remove second argument of ws_handler", DeprecationWarning)
/home/dmitriy/.local/lib/python3.14/site-packages/flet/fastapi/flet_app.py:144: DeprecationWarning: 'asyncio.iscoroutinefunction' is deprecated and slated for removal in Python 3.16; use inspect.iscoroutinefunction() instead
  if asyncio.iscoroutinefunction(self.__session_handler):
/home/dmitriy/.local/lib/python3.14/site-packages/flet_core/page.py:471: DeprecationWarning: 'asyncio.iscoroutinefunction' is deprecated and slated for removal in Python 3.16; use inspect.iscoroutinefunction() instead
  if asyncio.iscoroutinefunction(handler):
/home/dmitriy/.local/lib/python3.14/site-packages/websockets/legacy/__init__.py:6: DeprecationWarning: websockets.legacy is deprecated; see https://websockets.readthedocs.io/en/stable/howto/upgrade.html for upgrade instructions
  warnings.warn(  # deprecated in 14.0 - 2024-11-09
/usr/lib/python3.14/site-packages/uvicorn/protocols/websockets/websockets_impl.py:17: DeprecationWarning: websockets.server.WebSocketServerProtocol is deprecated
  from websockets.server import WebSocketServerProtocol
/home/dmitriy/.local/lib/python3.14/site-packages/websockets/legacy/server.py:1178: DeprecationWarning: remove second argument of ws_handler
  warnings.warn("remove second argument of ws_handler", DeprecationWarning)
/home/dmitriy/.local/lib/python3.14/site-packages/flet/fastapi/flet_app.py:144: DeprecationWarning: 'asyncio.iscoroutinefunction' is deprecated and slated for removal in Python 3.16; use inspect.iscoroutinefunction() instead
  if asyncio.iscoroutinefunction(self.__session_handler):
/home/dmitriy/.local/lib/python3.14/site-packages/flet_core/page.py:471: DeprecationWarning: 'asyncio.iscoroutinefunction' is deprecated and slated for removal in Python 3.16; use inspect.iscoroutinefunction() instead
  if asyncio.iscoroutinefunction(handler):
/home/dmitriy/.local/lib/python3.14/site-packages/websockets/legacy/__init__.py:6: DeprecationWarning: websockets.legacy is deprecated; see https://websockets.readthedocs.io/en/stable/howto/upgrade.html for upgrade instructions
  warnings.warn(  # deprecated in 14.0 - 2024-11-09
/usr/lib/python3.14/site-packages/uvicorn/protocols/websockets/websockets_impl.py:17: DeprecationWarning: websockets.server.WebSocketServerProtocol is deprecated
  from websockets.server import WebSocketServerProtocol
